{"C:\\Users\\38066\\Documents\\GitHub\\Node.js\\avatars\\training10\\config\\passport.js": {"path":"C:\\Users\\38066\\Documents\\GitHub\\Node.js\\avatars\\training10\\config\\passport.js","statementMap":{"0":{"start":{"line":1,"column":17},"end":{"line":1,"column":36}},"1":{"start":{"line":2,"column":33},"end":{"line":2,"column":56}},"2":{"start":{"line":3,"column":14},"end":{"line":3,"column":39}},"3":{"start":{"line":5,"column":0},"end":{"line":5,"column":26}},"4":{"start":{"line":6,"column":23},"end":{"line":6,"column":49}},"5":{"start":{"line":8,"column":13},"end":{"line":11,"column":1}},"6":{"start":{"line":13,"column":0},"end":{"line":28,"column":5}},"7":{"start":{"line":15,"column":8},"end":{"line":26,"column":9}},"8":{"start":{"line":16,"column":25},"end":{"line":16,"column":57}},"9":{"start":{"line":17,"column":12},"end":{"line":19,"column":17}},"10":{"start":{"line":18,"column":16},"end":{"line":18,"column":64}},"11":{"start":{"line":20,"column":12},"end":{"line":22,"column":13}},"12":{"start":{"line":21,"column":16},"end":{"line":21,"column":41}},"13":{"start":{"line":23,"column":12},"end":{"line":23,"column":35}},"14":{"start":{"line":25,"column":12},"end":{"line":25,"column":36}}},"fnMap":{"0":{"name":"(anonymous_0)","decl":{"start":{"line":14,"column":23},"end":{"line":14,"column":24}},"loc":{"start":{"line":14,"column":48},"end":{"line":27,"column":9}},"line":14}},"branchMap":{"0":{"loc":{"start":{"line":17,"column":12},"end":{"line":19,"column":17}},"type":"if","locations":[{"start":{"line":17,"column":12},"end":{"line":19,"column":17}},{"start":{"line":17,"column":12},"end":{"line":19,"column":17}}],"line":17},"1":{"loc":{"start":{"line":20,"column":12},"end":{"line":22,"column":13}},"type":"if","locations":[{"start":{"line":20,"column":12},"end":{"line":22,"column":13}},{"start":{"line":20,"column":12},"end":{"line":22,"column":13}}],"line":20}},"s":{"0":1,"1":1,"2":1,"3":1,"4":1,"5":1,"6":1,"7":0,"8":0,"9":0,"10":0,"11":0,"12":0,"13":0,"14":0},"f":{"0":0},"b":{"0":[0,0],"1":[0,0]},"_coverageSchema":"1a1c01bbd47fc00a2c39e90264f33305004495a9","hash":"ba72e974ffbab69b318404a2292e7c8fdad6d78f"}
,"C:\\Users\\38066\\Documents\\GitHub\\Node.js\\avatars\\training10\\controllers\\contacts.js": {"path":"C:\\Users\\38066\\Documents\\GitHub\\Node.js\\avatars\\training10\\controllers\\contacts.js","statementMap":{"0":{"start":{"line":1,"column":17},"end":{"line":1,"column":45}},"1":{"start":{"line":2,"column":21},"end":{"line":2,"column":52}},"2":{"start":{"line":4,"column":21},"end":{"line":13,"column":3}},"3":{"start":{"line":5,"column":2},"end":{"line":11,"column":5}},"4":{"start":{"line":6,"column":21},"end":{"line":6,"column":32}},"5":{"start":{"line":7,"column":47},"end":{"line":7,"column":93}},"6":{"start":{"line":8,"column":6},"end":{"line":8,"column":119}},"7":{"start":{"line":10,"column":6},"end":{"line":10,"column":17}},"8":{"start":{"line":15,"column":17},"end":{"line":28,"column":3}},"9":{"start":{"line":16,"column":3},"end":{"line":27,"column":5}},"10":{"start":{"line":17,"column":19},"end":{"line":17,"column":30}},"11":{"start":{"line":18,"column":22},"end":{"line":18,"column":81}},"12":{"start":{"line":20,"column":6},"end":{"line":22,"column":7}},"13":{"start":{"line":21,"column":8},"end":{"line":21,"column":99}},"14":{"start":{"line":23,"column":6},"end":{"line":23,"column":116}},"15":{"start":{"line":26,"column":6},"end":{"line":26,"column":17}},"16":{"start":{"line":30,"column":21},"end":{"line":41,"column":3}},"17":{"start":{"line":31,"column":4},"end":{"line":40,"column":5}},"18":{"start":{"line":32,"column":21},"end":{"line":32,"column":32}},"19":{"start":{"line":33,"column":22},"end":{"line":33,"column":79}},"20":{"start":{"line":34,"column":6},"end":{"line":34,"column":107}},"21":{"start":{"line":36,"column":6},"end":{"line":38,"column":7}},"22":{"start":{"line":37,"column":8},"end":{"line":37,"column":43}},"23":{"start":{"line":39,"column":6},"end":{"line":39,"column":17}},"24":{"start":{"line":43,"column":24},"end":{"line":55,"column":3}},"25":{"start":{"line":44,"column":4},"end":{"line":54,"column":5}},"26":{"start":{"line":45,"column":21},"end":{"line":45,"column":32}},"27":{"start":{"line":46,"column":22},"end":{"line":46,"column":80}},"28":{"start":{"line":47,"column":6},"end":{"line":49,"column":7}},"29":{"start":{"line":48,"column":8},"end":{"line":48,"column":111}},"30":{"start":{"line":50,"column":6},"end":{"line":50,"column":116}},"31":{"start":{"line":53,"column":6},"end":{"line":53,"column":17}},"32":{"start":{"line":57,"column":24},"end":{"line":69,"column":3}},"33":{"start":{"line":58,"column":4},"end":{"line":68,"column":5}},"34":{"start":{"line":59,"column":21},"end":{"line":59,"column":32}},"35":{"start":{"line":60,"column":22},"end":{"line":60,"column":90}},"36":{"start":{"line":61,"column":6},"end":{"line":63,"column":7}},"37":{"start":{"line":62,"column":8},"end":{"line":62,"column":99}},"38":{"start":{"line":64,"column":6},"end":{"line":64,"column":116}},"39":{"start":{"line":67,"column":6},"end":{"line":67,"column":17}},"40":{"start":{"line":71,"column":33},"end":{"line":82,"column":1}},"41":{"start":{"line":72,"column":6},"end":{"line":81,"column":5}},"42":{"start":{"line":73,"column":23},"end":{"line":73,"column":34}},"43":{"start":{"line":74,"column":22},"end":{"line":74,"column":90}},"44":{"start":{"line":75,"column":8},"end":{"line":77,"column":10}},"45":{"start":{"line":76,"column":11},"end":{"line":76,"column":102}},"46":{"start":{"line":78,"column":9},"end":{"line":78,"column":132}},"47":{"start":{"line":80,"column":6},"end":{"line":80,"column":15}},"48":{"start":{"line":84,"column":0},"end":{"line":84,"column":103}}},"fnMap":{"0":{"name":"(anonymous_0)","decl":{"start":{"line":4,"column":21},"end":{"line":4,"column":22}},"loc":{"start":{"line":4,"column":47},"end":{"line":13,"column":3}},"line":4},"1":{"name":"(anonymous_1)","decl":{"start":{"line":15,"column":17},"end":{"line":15,"column":18}},"loc":{"start":{"line":15,"column":43},"end":{"line":28,"column":3}},"line":15},"2":{"name":"(anonymous_2)","decl":{"start":{"line":30,"column":21},"end":{"line":30,"column":22}},"loc":{"start":{"line":30,"column":47},"end":{"line":41,"column":3}},"line":30},"3":{"name":"(anonymous_3)","decl":{"start":{"line":43,"column":24},"end":{"line":43,"column":25}},"loc":{"start":{"line":43,"column":50},"end":{"line":55,"column":3}},"line":43},"4":{"name":"(anonymous_4)","decl":{"start":{"line":57,"column":24},"end":{"line":57,"column":25}},"loc":{"start":{"line":57,"column":50},"end":{"line":69,"column":3}},"line":57},"5":{"name":"(anonymous_5)","decl":{"start":{"line":71,"column":33},"end":{"line":71,"column":34}},"loc":{"start":{"line":71,"column":59},"end":{"line":82,"column":1}},"line":71}},"branchMap":{"0":{"loc":{"start":{"line":20,"column":6},"end":{"line":22,"column":7}},"type":"if","locations":[{"start":{"line":20,"column":6},"end":{"line":22,"column":7}},{"start":{"line":20,"column":6},"end":{"line":22,"column":7}}],"line":20},"1":{"loc":{"start":{"line":36,"column":6},"end":{"line":38,"column":7}},"type":"if","locations":[{"start":{"line":36,"column":6},"end":{"line":38,"column":7}},{"start":{"line":36,"column":6},"end":{"line":38,"column":7}}],"line":36},"2":{"loc":{"start":{"line":47,"column":6},"end":{"line":49,"column":7}},"type":"if","locations":[{"start":{"line":47,"column":6},"end":{"line":49,"column":7}},{"start":{"line":47,"column":6},"end":{"line":49,"column":7}}],"line":47},"3":{"loc":{"start":{"line":61,"column":6},"end":{"line":63,"column":7}},"type":"if","locations":[{"start":{"line":61,"column":6},"end":{"line":63,"column":7}},{"start":{"line":61,"column":6},"end":{"line":63,"column":7}}],"line":61},"4":{"loc":{"start":{"line":75,"column":8},"end":{"line":77,"column":10}},"type":"if","locations":[{"start":{"line":75,"column":8},"end":{"line":77,"column":10}},{"start":{"line":75,"column":8},"end":{"line":77,"column":10}}],"line":75}},"s":{"0":1,"1":1,"2":1,"3":0,"4":0,"5":0,"6":0,"7":0,"8":1,"9":0,"10":0,"11":0,"12":0,"13":0,"14":0,"15":0,"16":1,"17":0,"18":0,"19":0,"20":0,"21":0,"22":0,"23":0,"24":1,"25":0,"26":0,"27":0,"28":0,"29":0,"30":0,"31":0,"32":1,"33":2,"34":2,"35":2,"36":1,"37":0,"38":1,"39":1,"40":1,"41":0,"42":0,"43":0,"44":0,"45":0,"46":0,"47":0,"48":1},"f":{"0":0,"1":0,"2":0,"3":0,"4":2,"5":0},"b":{"0":[0,0],"1":[0,0],"2":[0,0],"3":[0,1],"4":[0,0]},"_coverageSchema":"1a1c01bbd47fc00a2c39e90264f33305004495a9","hash":"bbeb9fedc237a42890db565ef98cc7794f4fab2d"}
,"C:\\Users\\38066\\Documents\\GitHub\\Node.js\\avatars\\training10\\helpers\\constants.js": {"path":"C:\\Users\\38066\\Documents\\GitHub\\Node.js\\avatars\\training10\\helpers\\constants.js","statementMap":{"0":{"start":{"line":1,"column":17},"end":{"line":11,"column":1}},"1":{"start":{"line":13,"column":0},"end":{"line":13,"column":29}}},"fnMap":{},"branchMap":{},"s":{"0":2,"1":2},"f":{},"b":{},"_coverageSchema":"1a1c01bbd47fc00a2c39e90264f33305004495a9","hash":"3cc2dfc116b8770a4b3f4cb7d879e3f45fdca37e"}
,"C:\\Users\\38066\\Documents\\GitHub\\Node.js\\avatars\\training10\\helpers\\guard.js": {"path":"C:\\Users\\38066\\Documents\\GitHub\\Node.js\\avatars\\training10\\helpers\\guard.js","statementMap":{"0":{"start":{"line":1,"column":17},"end":{"line":1,"column":36}},"1":{"start":{"line":2,"column":0},"end":{"line":2,"column":29}},"2":{"start":{"line":3,"column":19},"end":{"line":3,"column":41}},"3":{"start":{"line":5,"column":14},"end":{"line":21,"column":1}},"4":{"start":{"line":6,"column":4},"end":{"line":20,"column":26}},"5":{"start":{"line":7,"column":20},"end":{"line":7,"column":24}},"6":{"start":{"line":8,"column":8},"end":{"line":10,"column":9}},"7":{"start":{"line":9,"column":12},"end":{"line":9,"column":58}},"8":{"start":{"line":11,"column":8},"end":{"line":17,"column":9}},"9":{"start":{"line":12,"column":12},"end":{"line":16,"column":14}},"10":{"start":{"line":18,"column":8},"end":{"line":18,"column":23}},"11":{"start":{"line":19,"column":8},"end":{"line":19,"column":21}},"12":{"start":{"line":23,"column":0},"end":{"line":23,"column":22}}},"fnMap":{"0":{"name":"(anonymous_0)","decl":{"start":{"line":5,"column":14},"end":{"line":5,"column":15}},"loc":{"start":{"line":5,"column":34},"end":{"line":21,"column":1}},"line":5},"1":{"name":"(anonymous_1)","decl":{"start":{"line":6,"column":53},"end":{"line":6,"column":54}},"loc":{"start":{"line":6,"column":68},"end":{"line":20,"column":9}},"line":6}},"branchMap":{"0":{"loc":{"start":{"line":8,"column":8},"end":{"line":10,"column":9}},"type":"if","locations":[{"start":{"line":8,"column":8},"end":{"line":10,"column":9}},{"start":{"line":8,"column":8},"end":{"line":10,"column":9}}],"line":8},"1":{"loc":{"start":{"line":11,"column":8},"end":{"line":17,"column":9}},"type":"if","locations":[{"start":{"line":11,"column":8},"end":{"line":17,"column":9}},{"start":{"line":11,"column":8},"end":{"line":17,"column":9}}],"line":11},"2":{"loc":{"start":{"line":11,"column":12},"end":{"line":11,"column":48}},"type":"binary-expr","locations":[{"start":{"line":11,"column":12},"end":{"line":11,"column":17}},{"start":{"line":11,"column":21},"end":{"line":11,"column":24}},{"start":{"line":11,"column":28},"end":{"line":11,"column":48}}],"line":11}},"s":{"0":1,"1":1,"2":1,"3":1,"4":4,"5":4,"6":4,"7":4,"8":4,"9":3,"10":1,"11":1,"12":1},"f":{"0":4,"1":4},"b":{"0":[4,0],"1":[3,1],"2":[4,3,2]},"_coverageSchema":"1a1c01bbd47fc00a2c39e90264f33305004495a9","hash":"4513bf1060656eb4f24f65cbac980c157f2ebf49"}
,"C:\\Users\\38066\\Documents\\GitHub\\Node.js\\avatars\\training10\\model\\contacts.js": {"path":"C:\\Users\\38066\\Documents\\GitHub\\Node.js\\avatars\\training10\\model\\contacts.js","statementMap":{"0":{"start":{"line":1,"column":16},"end":{"line":1,"column":44}},"1":{"start":{"line":4,"column":21},"end":{"line":16,"column":1}},"2":{"start":{"line":5,"column":54},"end":{"line":5,"column":59}},"3":{"start":{"line":6,"column":22},"end":{"line":6,"column":39}},"4":{"start":{"line":7,"column":2},"end":{"line":9,"column":3}},"5":{"start":{"line":8,"column":4},"end":{"line":8,"column":35}},"6":{"start":{"line":10,"column":18},"end":{"line":13,"column":6}},"7":{"start":{"line":14,"column":45},"end":{"line":14,"column":52}},"8":{"start":{"line":15,"column":4},"end":{"line":15,"column":43}},"9":{"start":{"line":18,"column":23},"end":{"line":24,"column":1}},"10":{"start":{"line":19,"column":17},"end":{"line":22,"column":4}},"11":{"start":{"line":23,"column":4},"end":{"line":23,"column":17}},"12":{"start":{"line":26,"column":22},"end":{"line":31,"column":1}},"13":{"start":{"line":27,"column":15},"end":{"line":27,"column":79}},"14":{"start":{"line":28,"column":4},"end":{"line":28,"column":17}},"15":{"start":{"line":33,"column":20},"end":{"line":36,"column":1}},"16":{"start":{"line":34,"column":19},"end":{"line":34,"column":45}},"17":{"start":{"line":35,"column":4},"end":{"line":35,"column":17}},"18":{"start":{"line":38,"column":22},"end":{"line":48,"column":3}},"19":{"start":{"line":40,"column":19},"end":{"line":45,"column":21}},"20":{"start":{"line":47,"column":2},"end":{"line":47,"column":15}},"21":{"start":{"line":51,"column":0},"end":{"line":57,"column":1}}},"fnMap":{"0":{"name":"(anonymous_0)","decl":{"start":{"line":4,"column":21},"end":{"line":4,"column":22}},"loc":{"start":{"line":4,"column":46},"end":{"line":16,"column":1}},"line":4},"1":{"name":"(anonymous_1)","decl":{"start":{"line":18,"column":23},"end":{"line":18,"column":24}},"loc":{"start":{"line":18,"column":52},"end":{"line":24,"column":1}},"line":18},"2":{"name":"(anonymous_2)","decl":{"start":{"line":26,"column":22},"end":{"line":26,"column":23}},"loc":{"start":{"line":26,"column":51},"end":{"line":31,"column":1}},"line":26},"3":{"name":"(anonymous_3)","decl":{"start":{"line":33,"column":20},"end":{"line":33,"column":21}},"loc":{"start":{"line":33,"column":36},"end":{"line":36,"column":1}},"line":33},"4":{"name":"(anonymous_4)","decl":{"start":{"line":38,"column":22},"end":{"line":38,"column":23}},"loc":{"start":{"line":38,"column":59},"end":{"line":48,"column":3}},"line":38}},"branchMap":{"0":{"loc":{"start":{"line":5,"column":10},"end":{"line":5,"column":20}},"type":"default-arg","locations":[{"start":{"line":5,"column":18},"end":{"line":5,"column":20}}],"line":5},"1":{"loc":{"start":{"line":5,"column":22},"end":{"line":5,"column":32}},"type":"default-arg","locations":[{"start":{"line":5,"column":31},"end":{"line":5,"column":32}}],"line":5},"2":{"loc":{"start":{"line":5,"column":34},"end":{"line":5,"column":49}},"type":"default-arg","locations":[{"start":{"line":5,"column":45},"end":{"line":5,"column":49}}],"line":5},"3":{"loc":{"start":{"line":7,"column":2},"end":{"line":9,"column":3}},"type":"if","locations":[{"start":{"line":7,"column":2},"end":{"line":9,"column":3}},{"start":{"line":7,"column":2},"end":{"line":9,"column":3}}],"line":7}},"s":{"0":1,"1":1,"2":0,"3":0,"4":0,"5":0,"6":0,"7":0,"8":0,"9":1,"10":0,"11":0,"12":1,"13":0,"14":0,"15":1,"16":0,"17":0,"18":1,"19":0,"20":0,"21":1},"f":{"0":0,"1":0,"2":0,"3":0,"4":0},"b":{"0":[0],"1":[0],"2":[0],"3":[0,0]},"_coverageSchema":"1a1c01bbd47fc00a2c39e90264f33305004495a9","hash":"4e7624ce2e668ff31a0f028af1650cc4d36865d8"}
,"C:\\Users\\38066\\Documents\\GitHub\\Node.js\\avatars\\training10\\model\\users.js": {"path":"C:\\Users\\38066\\Documents\\GitHub\\Node.js\\avatars\\training10\\model\\users.js","statementMap":{"0":{"start":{"line":1,"column":13},"end":{"line":1,"column":39}},"1":{"start":{"line":3,"column":17},"end":{"line":5,"column":1}},"2":{"start":{"line":4,"column":4},"end":{"line":4,"column":40}},"3":{"start":{"line":7,"column":20},"end":{"line":9,"column":1}},"4":{"start":{"line":8,"column":4},"end":{"line":8,"column":40}},"5":{"start":{"line":11,"column":15},"end":{"line":14,"column":1}},"6":{"start":{"line":12,"column":17},"end":{"line":12,"column":34}},"7":{"start":{"line":13,"column":4},"end":{"line":13,"column":28}},"8":{"start":{"line":16,"column":20},"end":{"line":18,"column":1}},"9":{"start":{"line":17,"column":4},"end":{"line":17,"column":51}},"10":{"start":{"line":20,"column":21},"end":{"line":22,"column":1}},"11":{"start":{"line":21,"column":4},"end":{"line":21,"column":67}},"12":{"start":{"line":24,"column":0},"end":{"line":30,"column":1}}},"fnMap":{"0":{"name":"(anonymous_0)","decl":{"start":{"line":3,"column":17},"end":{"line":3,"column":18}},"loc":{"start":{"line":3,"column":31},"end":{"line":5,"column":1}},"line":3},"1":{"name":"(anonymous_1)","decl":{"start":{"line":7,"column":20},"end":{"line":7,"column":21}},"loc":{"start":{"line":7,"column":37},"end":{"line":9,"column":1}},"line":7},"2":{"name":"(anonymous_2)","decl":{"start":{"line":11,"column":15},"end":{"line":11,"column":16}},"loc":{"start":{"line":11,"column":34},"end":{"line":14,"column":1}},"line":11},"3":{"name":"(anonymous_3)","decl":{"start":{"line":16,"column":20},"end":{"line":16,"column":21}},"loc":{"start":{"line":16,"column":41},"end":{"line":18,"column":1}},"line":16},"4":{"name":"(anonymous_4)","decl":{"start":{"line":20,"column":21},"end":{"line":20,"column":22}},"loc":{"start":{"line":20,"column":61},"end":{"line":22,"column":1}},"line":20}},"branchMap":{"0":{"loc":{"start":{"line":20,"column":40},"end":{"line":20,"column":56}},"type":"default-arg","locations":[{"start":{"line":20,"column":52},"end":{"line":20,"column":56}}],"line":20}},"s":{"0":1,"1":1,"2":0,"3":1,"4":0,"5":1,"6":0,"7":0,"8":1,"9":0,"10":1,"11":0,"12":1},"f":{"0":0,"1":0,"2":0,"3":0,"4":0},"b":{"0":[0]},"_coverageSchema":"1a1c01bbd47fc00a2c39e90264f33305004495a9","hash":"7aed4521a84b16f6d94b7e9429df92f5b9d0abf1"}
,"C:\\Users\\38066\\Documents\\GitHub\\Node.js\\avatars\\training10\\model\\schemas\\contact.js": {"path":"C:\\Users\\38066\\Documents\\GitHub\\Node.js\\avatars\\training10\\model\\schemas\\contact.js","statementMap":{"0":{"start":{"line":1,"column":17},"end":{"line":1,"column":36}},"1":{"start":{"line":2,"column":32},"end":{"line":2,"column":40}},"2":{"start":{"line":3,"column":25},"end":{"line":3,"column":56}},"3":{"start":{"line":5,"column":22},"end":{"line":34,"column":1}},"4":{"start":{"line":30,"column":8},"end":{"line":30,"column":22}},"5":{"start":{"line":31,"column":8},"end":{"line":31,"column":18}},"6":{"start":{"line":36,"column":0},"end":{"line":36,"column":39}},"7":{"start":{"line":38,"column":16},"end":{"line":38,"column":56}},"8":{"start":{"line":40,"column":0},"end":{"line":40,"column":24}}},"fnMap":{"0":{"name":"(anonymous_0)","decl":{"start":{"line":29,"column":41},"end":{"line":29,"column":42}},"loc":{"start":{"line":29,"column":60},"end":{"line":32,"column":5}},"line":29}},"branchMap":{},"s":{"0":1,"1":1,"2":1,"3":1,"4":0,"5":0,"6":1,"7":1,"8":1},"f":{"0":0},"b":{},"_coverageSchema":"1a1c01bbd47fc00a2c39e90264f33305004495a9","hash":"8e6e3780fd32db34c82819e3119acd79976c729a"}
,"C:\\Users\\38066\\Documents\\GitHub\\Node.js\\avatars\\training10\\model\\schemas\\users.js": {"path":"C:\\Users\\38066\\Documents\\GitHub\\Node.js\\avatars\\training10\\model\\schemas\\users.js","statementMap":{"0":{"start":{"line":1,"column":17},"end":{"line":1,"column":36}},"1":{"start":{"line":2,"column":19},"end":{"line":2,"column":27}},"2":{"start":{"line":3,"column":17},"end":{"line":3,"column":36}},"3":{"start":{"line":4,"column":15},"end":{"line":4,"column":34}},"4":{"start":{"line":6,"column":20},"end":{"line":6,"column":21}},"5":{"start":{"line":8,"column":19},"end":{"line":39,"column":1}},"6":{"start":{"line":30,"column":6},"end":{"line":30,"column":55}},"7":{"start":{"line":41,"column":0},"end":{"line":47,"column":3}},"8":{"start":{"line":42,"column":2},"end":{"line":45,"column":3}},"9":{"start":{"line":43,"column":17},"end":{"line":43,"column":50}},"10":{"start":{"line":44,"column":2},"end":{"line":44,"column":56}},"11":{"start":{"line":46,"column":2},"end":{"line":46,"column":8}},"12":{"start":{"line":49,"column":0},"end":{"line":51,"column":1}},"13":{"start":{"line":50,"column":2},"end":{"line":50,"column":62}},"14":{"start":{"line":54,"column":13},"end":{"line":54,"column":47}},"15":{"start":{"line":56,"column":0},"end":{"line":56,"column":21}}},"fnMap":{"0":{"name":"(anonymous_0)","decl":{"start":{"line":29,"column":13},"end":{"line":29,"column":14}},"loc":{"start":{"line":29,"column":25},"end":{"line":31,"column":3}},"line":29},"1":{"name":"(anonymous_1)","decl":{"start":{"line":41,"column":23},"end":{"line":41,"column":24}},"loc":{"start":{"line":41,"column":45},"end":{"line":47,"column":1}},"line":41},"2":{"name":"(anonymous_2)","decl":{"start":{"line":49,"column":35},"end":{"line":49,"column":36}},"loc":{"start":{"line":49,"column":61},"end":{"line":51,"column":1}},"line":49}},"branchMap":{"0":{"loc":{"start":{"line":42,"column":2},"end":{"line":45,"column":3}},"type":"if","locations":[{"start":{"line":42,"column":2},"end":{"line":45,"column":3}},{"start":{"line":42,"column":2},"end":{"line":45,"column":3}}],"line":42}},"s":{"0":1,"1":1,"2":1,"3":1,"4":1,"5":1,"6":0,"7":1,"8":0,"9":0,"10":0,"11":0,"12":1,"13":0,"14":1,"15":1},"f":{"0":0,"1":0,"2":0},"b":{"0":[0,0]},"_coverageSchema":"1a1c01bbd47fc00a2c39e90264f33305004495a9","hash":"6e9ea677d78835c137abf5c601f7d665ca5a8ece"}
}
